<?xml version="1.0" encoding="UTF-8"?>
<testng-results ignored="0" total="1" passed="1" failed="0" skipped="0">
  <reporter-output>
  </reporter-output>
  <suite started-at="2023-09-11T17:22:52 HAE" name="Default suite" finished-at="2023-09-11T17:23:06 HAE" duration-ms="13945">
    <groups>
    </groups>
    <test started-at="2023-09-11T17:22:52 HAE" name="Default test" finished-at="2023-09-11T17:23:06 HAE" duration-ms="13945">
      <class name="testCases.Suite1">
        <test-method is-config="true" signature="setUp()[pri:0, instance:testCases.Suite1@433e536f]" started-at="2023-09-11T17:22:52 HAE" name="setUp" finished-at="2023-09-11T17:22:54 HAE" duration-ms="1107" status="PASS">
          <reporter-output>
          </reporter-output>
        </test-method> <!-- setUp -->
        <test-method signature="creerNewRepository()[pri:0, instance:testCases.Suite1@433e536f]" started-at="2023-09-11T17:22:54 HAE" name="creerNewRepository" finished-at="2023-09-11T17:23:05 HAE" duration-ms="11604" status="PASS">
          <reporter-output>
          </reporter-output>
        </test-method> <!-- creerNewRepository -->
        <test-method is-config="true" signature="tearDown()[pri:0, instance:testCases.Suite1@433e536f]" started-at="2023-09-11T17:23:05 HAE" name="tearDown" finished-at="2023-09-11T17:23:06 HAE" duration-ms="1189" status="PASS">
          <reporter-output>
          </reporter-output>
        </test-method> <!-- tearDown -->
      </class> <!-- testCases.Suite1 -->
    </test> <!-- Default test -->
  </suite> <!-- Default suite -->
</testng-results>
